# JRE version: OpenJDK Runtime Environment (8.0_242-b01) (build 1.8.0_242-release-1644-b01)
# Java VM: OpenJDK 64-Bit Server VM (25.242-b01 mixed mode windows-amd64 compressed oops)
Heap:
 PSYoungGen      total 427520K, used 289712K [0x00000000d5580000, 0x00000000f7880000, 0x0000000100000000)
  eden space 316416K, 85% used [0x00000000d5580000,0x00000000e5f093f8,0x00000000e8a80000)
  from space 111104K, 16% used [0x00000000e8a80000,0x00000000e9be2ea8,0x00000000ef700000)
  to   space 109568K, 0% used [0x00000000f0d80000,0x00000000f0d80000,0x00000000f7880000)
 ParOldGen       total 208896K, used 155558K [0x0000000080000000, 0x000000008cc00000, 0x00000000d5580000)
  object space 208896K, 74% used [0x0000000080000000,0x00000000897e9928,0x000000008cc00000)
 Metaspace       used 110511K, capacity 117898K, committed 118104K, reserved 1150976K
  class space    used 14316K, capacity 15646K, committed 15744K, reserved 1048576K
GC Heap History (10 events):
Event: 3265.051 GC heap before
{Heap before GC invocations=37 (full 4):
 PSYoungGen      total 357888K, used 323590K [0x00000000d5580000, 0x00000000f1280000, 0x0000000100000000)
  eden space 270336K, 100% used [0x00000000d5580000,0x00000000e5d80000,0x00000000e5d80000)
  from space 87552K, 60% used [0x00000000ebd00000,0x00000000ef101a70,0x00000000f1280000)
  to   space 92672K, 0% used [0x00000000e5d80000,0x00000000e5d80000,0x00000000eb800000)
 ParOldGen       total 208896K, used 121729K [0x0000000080000000, 0x000000008cc00000, 0x00000000d5580000)
  object space 208896K, 58% used [0x0000000080000000,0x00000000876e05b0,0x000000008cc00000)
 Metaspace       used 109067K, capacity 115512K, committed 115800K, reserved 1148928K
  class space    used 14191K, capacity 15419K, committed 15488K, reserved 1048576K
Event: 3266.297 GC heap after
Heap after GC invocations=37 (full 4):
 PSYoungGen      total 363008K, used 73847K [0x00000000d5580000, 0x00000000f4080000, 0x0000000100000000)
  eden space 270336K, 0% used [0x00000000d5580000,0x00000000d5580000,0x00000000e5d80000)
  from space 92672K, 79% used [0x00000000e5d80000,0x00000000ea59de70,0x00000000eb800000)
  to   space 99840K, 0% used [0x00000000edf00000,0x00000000edf00000,0x00000000f4080000)
 ParOldGen       total 208896K, used 121737K [0x0000000080000000, 0x000000008cc00000, 0x00000000d5580000)
  object space 208896K, 58% used [0x0000000080000000,0x00000000876e25b0,0x000000008cc00000)
 Metaspace       used 109067K, capacity 115512K, committed 115800K, reserved 1148928K
  class space    used 14191K, capacity 15419K, committed 15488K, reserved 1048576K
}
Event: 3272.928 GC heap before
{Heap before GC invocations=38 (full 4):
 PSYoungGen      total 363008K, used 344183K [0x00000000d5580000, 0x00000000f4080000, 0x0000000100000000)
  eden space 270336K, 100% used [0x00000000d5580000,0x00000000e5d80000,0x00000000e5d80000)
  from space 92672K, 79% used [0x00000000e5d80000,0x00000000ea59de70,0x00000000eb800000)
  to   space 99840K, 0% used [0x00000000edf00000,0x00000000edf00000,0x00000000f4080000)
 ParOldGen       total 208896K, used 121737K [0x0000000080000000, 0x000000008cc00000, 0x00000000d5580000)
  object space 208896K, 58% used [0x0000000080000000,0x00000000876e25b0,0x000000008cc00000)
 Metaspace       used 109397K, capacity 115874K, committed 116056K, reserved 1150976K
  class space    used 14193K, capacity 15420K, committed 15488K, reserved 1048576K
Event: 3273.111 GC heap after
Heap after GC invocations=38 (full 4):
 PSYoungGen      total 390656K, used 91714K [0x00000000d5580000, 0x00000000f5780000, 0x0000000100000000)
  eden space 290816K, 0% used [0x00000000d5580000,0x00000000d5580000,0x00000000e7180000)
  from space 99840K, 91% used [0x00000000edf00000,0x00000000f3890870,0x00000000f4080000)
  to   space 112128K, 0% used [0x00000000e7180000,0x00000000e7180000,0x00000000edf00000)
 ParOldGen       total 208896K, used 155542K [0x0000000080000000, 0x000000008cc00000, 0x00000000d5580000)
  object space 208896K, 74% used [0x0000000080000000,0x00000000897e5928,0x000000008cc00000)
 Metaspace       used 109397K, capacity 115874K, committed 116056K, reserved 1150976K
  class space    used 14193K, capacity 15420K, committed 15488K, reserved 1048576K
}
Event: 3608.655 GC heap before
{Heap before GC invocations=39 (full 4):
 PSYoungGen      total 390656K, used 382530K [0x00000000d5580000, 0x00000000f5780000, 0x0000000100000000)
  eden space 290816K, 100% used [0x00000000d5580000,0x00000000e7180000,0x00000000e7180000)
  from space 99840K, 91% used [0x00000000edf00000,0x00000000f3890870,0x00000000f4080000)
  to   space 112128K, 0% used [0x00000000e7180000,0x00000000e7180000,0x00000000edf00000)
 ParOldGen       total 208896K, used 155542K [0x0000000080000000, 0x000000008cc00000, 0x00000000d5580000)
  object space 208896K, 74% used [0x0000000080000000,0x00000000897e5928,0x000000008cc00000)
 Metaspace       used 109686K, capacity 116282K, committed 116568K, reserved 1150976K
  class space    used 14211K, capacity 15454K, committed 15488K, reserved 1048576K
Event: 3609.454 GC heap after
Heap after GC invocations=39 (full 4):
 PSYoungGen      total 402944K, used 67983K [0x00000000d5580000, 0x00000000f6b00000, 0x0000000100000000)
  eden space 290816K, 0% used [0x00000000d5580000,0x00000000d5580000,0x00000000e7180000)
  from space 112128K, 60% used [0x00000000e7180000,0x00000000eb3e3ff0,0x00000000edf00000)
  to   space 113152K, 0% used [0x00000000efc80000,0x00000000efc80000,0x00000000f6b00000)
 ParOldGen       total 208896K, used 155550K [0x0000000080000000, 0x000000008cc00000, 0x00000000d5580000)
  object space 208896K, 74% used [0x0000000080000000,0x00000000897e7928,0x000000008cc00000)
 Metaspace       used 109686K, capacity 116282K, committed 116568K, reserved 1150976K
  class space    used 14211K, capacity 15454K, committed 15488K, reserved 1048576K
}
Event: 3671.904 GC heap before
{Heap before GC invocations=40 (full 4):
 PSYoungGen      total 402944K, used 358799K [0x00000000d5580000, 0x00000000f6b00000, 0x0000000100000000)
  eden space 290816K, 100% used [0x00000000d5580000,0x00000000e7180000,0x00000000e7180000)
  from space 112128K, 60% used [0x00000000e7180000,0x00000000eb3e3ff0,0x00000000edf00000)
  to   space 113152K, 0% used [0x00000000efc80000,0x00000000efc80000,0x00000000f6b00000)
 ParOldGen       total 208896K, used 155550K [0x0000000080000000, 0x000000008cc00000, 0x00000000d5580000)
  object space 208896K, 74% used [0x0000000080000000,0x00000000897e7928,0x000000008cc00000)
 Metaspace       used 109803K, capacity 116374K, committed 116568K, reserved 1150976K
  class space    used 14213K, capacity 15458K, committed 15488K, reserved 1048576K
Event: 3672.314 GC heap after
Heap after GC invocations=40 (full 4):
 PSYoungGen      total 421888K, used 27089K [0x00000000d5580000, 0x00000000f6380000, 0x0000000100000000)
  eden space 316416K, 0% used [0x00000000d5580000,0x00000000d5580000,0x00000000e8a80000)
  from space 105472K, 25% used [0x00000000efc80000,0x00000000f16f46c0,0x00000000f6380000)
  to   space 111104K, 0% used [0x00000000e8a80000,0x00000000e8a80000,0x00000000ef700000)
 ParOldGen       total 208896K, used 155558K [0x0000000080000000, 0x000000008cc00000, 0x00000000d5580000)
  object space 208896K, 74% used [0x0000000080000000,0x00000000897e9928,0x000000008cc00000)
 Metaspace       used 109803K, capacity 116374K, committed 116568K, reserved 1150976K
  class space    used 14213K, capacity 15458K, committed 15488K, reserved 1048576K
}
Event: 3941.869 GC heap before
{Heap before GC invocations=41 (full 4):
 PSYoungGen      total 421888K, used 343505K [0x00000000d5580000, 0x00000000f6380000, 0x0000000100000000)
  eden space 316416K, 100% used [0x00000000d5580000,0x00000000e8a80000,0x00000000e8a80000)
  from space 105472K, 25% used [0x00000000efc80000,0x00000000f16f46c0,0x00000000f6380000)
  to   space 111104K, 0% used [0x00000000e8a80000,0x00000000e8a80000,0x00000000ef700000)
 ParOldGen       total 208896K, used 155558K [0x0000000080000000, 0x000000008cc00000, 0x00000000d5580000)
  object space 208896K, 74% used [0x0000000080000000,0x00000000897e9928,0x000000008cc00000)
 Metaspace       used 110207K, capacity 117282K, committed 117464K, reserved 1150976K
  class space    used 14277K, capacity 15576K, committed 15616K, reserved 1048576K
Event: 3943.386 GC heap after
Heap after GC invocations=41 (full 4):
 PSYoungGen      total 427520K, used 17803K [0x00000000d5580000, 0x00000000f7880000, 0x0000000100000000)
  eden space 316416K, 0% used [0x00000000d5580000,0x00000000d5580000,0x00000000e8a80000)
  from space 111104K, 16% used [0x00000000e8a80000,0x00000000e9be2ea8,0x00000000ef700000)
  to   space 109568K, 0% used [0x00000000f0d80000,0x00000000f0d80000,0x00000000f7880000)
 ParOldGen       total 208896K, used 155558K [0x0000000080000000, 0x000000008cc00000, 0x00000000d5580000)
  object space 208896K, 74% used [0x0000000080000000,0x00000000897e9928,0x000000008cc00000)
 Metaspace       used 110207K, capacity 117282K, committed 117464K, reserved 1150976K
  class space    used 14277K, capacity 15576K, committed 15616K, reserved 1048576K
}

